<?xml version="1.0" encoding="UTF-8"?>
<!-- Generated by org.testng.reporters.JUnitXMLReporter -->
<testsuite hostname="SKOLLA-W54" name="Different testng Feature Test" tests="24" failures="0" timestamp="18 Apr 2020 18:10:43 GMT" time="0.29" errors="0">
  <testcase name="@BeforeMethod setupBrowser" time="0.0" classname="com.testng.GoogleTestTitle">
    <failure type="java.lang.IllegalStateException" message="The driver executable does not exist: C:\Selenium\geckodriver-v0.18.0-win32\geckodriver.exe">
      <![CDATA[java.lang.IllegalStateException: The driver executable does not exist: C:\Selenium\geckodriver-v0.18.0-win32\geckodriver.exe
	at com.google.common.base.Preconditions.checkState(Preconditions.java:518)
	at org.openqa.selenium.remote.service.DriverService.checkExecutable(DriverService.java:136)
	at org.openqa.selenium.remote.service.DriverService.findExecutable(DriverService.java:131)
	at org.openqa.selenium.firefox.GeckoDriverService.access$100(GeckoDriverService.java:41)
	at org.openqa.selenium.firefox.GeckoDriverService$Builder.findDefaultExecutable(GeckoDriverService.java:115)
	at org.openqa.selenium.remote.service.DriverService$Builder.build(DriverService.java:330)
	at org.openqa.selenium.firefox.FirefoxDriver.toExecutor(FirefoxDriver.java:207)
	at org.openqa.selenium.firefox.FirefoxDriver.<init>(FirefoxDriver.java:108)
	at org.openqa.selenium.firefox.FirefoxDriver.<init>(FirefoxDriver.java:137)
	at com.testng.GoogleTestTitle.setupBrowser(GoogleTestTitle.java:21)
... Removed 27 stack frames]]>
    </failure>
  </testcase> <!-- @BeforeMethod setupBrowser -->
  <testcase name="@AfterMethod closeBrowser" time="0.0" classname="com.testng.GoogleTestTitle">
    <skipped/>
  </testcase> <!-- @AfterMethod closeBrowser -->
  <testcase name="@BeforeMethod setup" time="0.0" classname="com.testng.GoogleTest">
    <failure type="java.lang.IllegalStateException" message="The driver executable does not exist: C:\Selenium\geckodriver-v0.18.0-win32\geckodriver.exe">
      <![CDATA[java.lang.IllegalStateException: The driver executable does not exist: C:\Selenium\geckodriver-v0.18.0-win32\geckodriver.exe
	at com.google.common.base.Preconditions.checkState(Preconditions.java:518)
	at org.openqa.selenium.remote.service.DriverService.checkExecutable(DriverService.java:136)
	at org.openqa.selenium.remote.service.DriverService.findExecutable(DriverService.java:131)
	at org.openqa.selenium.firefox.GeckoDriverService.access$100(GeckoDriverService.java:41)
	at org.openqa.selenium.firefox.GeckoDriverService$Builder.findDefaultExecutable(GeckoDriverService.java:115)
	at org.openqa.selenium.remote.service.DriverService$Builder.build(DriverService.java:330)
	at org.openqa.selenium.firefox.FirefoxDriver.toExecutor(FirefoxDriver.java:207)
	at org.openqa.selenium.firefox.FirefoxDriver.<init>(FirefoxDriver.java:108)
	at org.openqa.selenium.firefox.FirefoxDriver.<init>(FirefoxDriver.java:137)
	at com.testng.GoogleTest.setup(GoogleTest.java:25)
... Removed 27 stack frames]]>
    </failure>
  </testcase> <!-- @BeforeMethod setup -->
  <testcase name="@AfterMethod tearDown" time="0.0" classname="com.testng.GoogleTest">
    <skipped/>
  </testcase> <!-- @AfterMethod tearDown -->
  <testcase name="@BeforeMethod setup" time="0.0" classname="com.testng.GoogleTest">
    <skipped/>
  </testcase> <!-- @BeforeMethod setup -->
  <testcase name="@AfterMethod tearDown" time="0.0" classname="com.testng.GoogleTest">
    <skipped/>
  </testcase> <!-- @AfterMethod tearDown -->
  <testcase name="@BeforeMethod setup" time="0.0" classname="com.testng.GoogleTest">
    <skipped/>
  </testcase> <!-- @BeforeMethod setup -->
  <testcase name="@AfterMethod tearDown" time="0.0" classname="com.testng.GoogleTest">
    <skipped/>
  </testcase> <!-- @AfterMethod tearDown -->
  <testcase name="@BeforeMethod setup" time="0.0" classname="com.testng.GoogleTest">
    <skipped/>
  </testcase> <!-- @BeforeMethod setup -->
  <testcase name="@AfterMethod tearDown" time="0.0" classname="com.testng.GoogleTest">
    <skipped/>
  </testcase> <!-- @AfterMethod tearDown -->
  <testcase name="@BeforeMethod setup" time="0.0" classname="com.testng.GoogleTest">
    <skipped/>
  </testcase> <!-- @BeforeMethod setup -->
  <testcase name="@AfterMethod tearDown" time="0.0" classname="com.testng.GoogleTest">
    <skipped/>
  </testcase> <!-- @AfterMethod tearDown -->
  <testcase name="@BeforeMethod setup" time="0.0" classname="com.testng.GoogleTest">
    <skipped/>
  </testcase> <!-- @BeforeMethod setup -->
  <testcase name="@AfterMethod tearDown" time="0.0" classname="com.testng.GoogleTest">
    <skipped/>
  </testcase> <!-- @AfterMethod tearDown -->
  <testcase name="test1" time="0.005" classname="com.testng.ExceptionTimeOutTest"/>
  <testcase name="googleTitleTest" time="0.002" classname="com.testng.GoogleTestTitle">
    <skipped/>
  </testcase> <!-- googleTitleTest -->
  <testcase name="sum" time="0.002" classname="com.testng.InvocationCountTest"/>
  <testcase name="sum" time="0.002" classname="com.testng.InvocationCountTest"/>
  <testcase name="sum" time="0.001" classname="com.testng.InvocationCountTest"/>
  <testcase name="sum" time="0.001" classname="com.testng.InvocationCountTest"/>
  <testcase name="sum" time="0.001" classname="com.testng.InvocationCountTest"/>
  <testcase name="sum" time="0.001" classname="com.testng.InvocationCountTest"/>
  <testcase name="sum" time="0.001" classname="com.testng.InvocationCountTest"/>
  <testcase name="sum" time="0.002" classname="com.testng.InvocationCountTest"/>
  <testcase name="sum" time="0.001" classname="com.testng.InvocationCountTest"/>
  <testcase name="sum" time="0.001" classname="com.testng.InvocationCountTest"/>
  <testcase name="googleTitleTest" time="0.002" classname="com.testng.TestngBasics"/>
  <testcase name="searchTest" time="0.001" classname="com.testng.TestngBasics"/>
  <testcase name="loginTest" time="0.001" classname="com.testng.TestNGFeatures"/>
  <testcase name="HomePageTest" time="0.001" classname="com.testng.TestNGFeatures"/>
  <testcase name="RegPageTest" time="0.001" classname="com.testng.TestNGFeatures"/>
  <testcase name="SearchPageTest" time="0.001" classname="com.testng.TestNGFeatures"/>
  <testcase name="googleTitleTest" time="0.0" classname="com.testng.GoogleTest">
    <skipped/>
  </testcase> <!-- googleTitleTest -->
  <testcase name="googleLogoTest" time="0.001" classname="com.testng.GoogleTest">
    <skipped/>
  </testcase> <!-- googleLogoTest -->
  <testcase name="mailLinkTest" time="0.001" classname="com.testng.GoogleTest">
    <skipped/>
  </testcase> <!-- mailLinkTest -->
  <testcase name="Test1" time="0.0" classname="com.testng.GoogleTest">
    <skipped/>
  </testcase> <!-- Test1 -->
  <testcase name="Test2" time="0.002" classname="com.testng.GoogleTest">
    <skipped/>
  </testcase> <!-- Test2 -->
  <testcase name="Test3" time="0.001" classname="com.testng.GoogleTest">
    <skipped/>
  </testcase> <!-- Test3 -->
</testsuite> <!-- Different testng Feature Test -->
