<?xml version="1.0" encoding="UTF-8"?>
<testng-results skipped="7" failed="0" total="24" passed="17">
  <reporter-output>
  </reporter-output>
  <suite name="TestNG Session Test Automation Suite" duration-ms="290" started-at="2020-04-18T18:10:43Z" finished-at="2020-04-18T18:10:43Z">
    <groups>
      <group name="LinkTest">
        <method signature="GoogleTest.mailLinkTest()[pri:3, instance:com.testng.GoogleTest@1bce4f0a]" name="mailLinkTest" class="com.testng.GoogleTest"/>
      </group> <!-- LinkTest -->
      <group name="Test">
        <method signature="GoogleTest.Test1()[pri:4, instance:com.testng.GoogleTest@1bce4f0a]" name="Test1" class="com.testng.GoogleTest"/>
        <method signature="GoogleTest.Test2()[pri:5, instance:com.testng.GoogleTest@1bce4f0a]" name="Test2" class="com.testng.GoogleTest"/>
        <method signature="GoogleTest.Test3()[pri:6, instance:com.testng.GoogleTest@1bce4f0a]" name="Test3" class="com.testng.GoogleTest"/>
      </group> <!-- Test -->
      <group name="Logo Test">
        <method signature="GoogleTest.googleLogoTest()[pri:2, instance:com.testng.GoogleTest@1bce4f0a]" name="googleLogoTest" class="com.testng.GoogleTest"/>
      </group> <!-- Logo Test -->
    </groups>
    <test name="Different testng Feature Test" duration-ms="290" started-at="2020-04-18T18:10:43Z" finished-at="2020-04-18T18:10:43Z">
      <class name="com.testng.ExceptionTimeOutTest">
        <test-method status="PASS" signature="test1()[pri:0, instance:com.testng.ExceptionTimeOutTest@3bfdc050]" name="test1" duration-ms="5" started-at="2020-04-18T14:10:43Z" finished-at="2020-04-18T14:10:43Z">
          <exception class="java.lang.NumberFormatException">
            <message>
              <![CDATA[For input string: "100A"]]>
            </message>
            <full-stacktrace>
              <![CDATA[java.lang.NumberFormatException: For input string: "100A"
	at java.lang.NumberFormatException.forInputString(NumberFormatException.java:65)
	at java.lang.Integer.parseInt(Integer.java:580)
	at java.lang.Integer.parseInt(Integer.java:615)
	at com.testng.ExceptionTimeOutTest.test1(ExceptionTimeOutTest.java:20)
	at sun.reflect.NativeMethodAccessorImpl.invoke0(Native Method)
	at sun.reflect.NativeMethodAccessorImpl.invoke(NativeMethodAccessorImpl.java:62)
	at sun.reflect.DelegatingMethodAccessorImpl.invoke(DelegatingMethodAccessorImpl.java:43)
	at java.lang.reflect.Method.invoke(Method.java:498)
	at org.testng.internal.MethodInvocationHelper.invokeMethod(MethodInvocationHelper.java:100)
	at org.testng.internal.Invoker.invokeMethod(Invoker.java:646)
	at org.testng.internal.Invoker.invokeTestMethod(Invoker.java:811)
	at org.testng.internal.Invoker.invokeTestMethods(Invoker.java:1137)
	at org.testng.internal.TestMethodWorker.invokeTestMethods(TestMethodWorker.java:129)
	at org.testng.internal.TestMethodWorker.run(TestMethodWorker.java:112)
	at org.testng.TestRunner.privateRun(TestRunner.java:753)
	at org.testng.TestRunner.run(TestRunner.java:607)
	at org.testng.SuiteRunner.runTest(SuiteRunner.java:368)
	at org.testng.SuiteRunner.runSequentially(SuiteRunner.java:363)
	at org.testng.SuiteRunner.privateRun(SuiteRunner.java:321)
	at org.testng.SuiteRunner.run(SuiteRunner.java:270)
	at org.testng.SuiteRunnerWorker.runSuite(SuiteRunnerWorker.java:52)
	at org.testng.SuiteRunnerWorker.run(SuiteRunnerWorker.java:86)
	at org.testng.TestNG.runSuitesSequentially(TestNG.java:1284)
	at org.testng.TestNG.runSuitesLocally(TestNG.java:1209)
	at org.testng.TestNG.runSuites(TestNG.java:1124)
	at org.testng.TestNG.run(TestNG.java:1096)
	at org.testng.remote.AbstractRemoteTestNG.run(AbstractRemoteTestNG.java:132)
	at org.testng.remote.RemoteTestNG.initAndRun(RemoteTestNG.java:236)
	at org.testng.remote.RemoteTestNG.main(RemoteTestNG.java:81)
]]>
            </full-stacktrace>
          </exception> <!-- java.lang.NumberFormatException -->
          <reporter-output>
          </reporter-output>
        </test-method> <!-- test1 -->
      </class> <!-- com.testng.ExceptionTimeOutTest -->
      <class name="com.testng.GoogleTestTitle">
        <test-method status="FAIL" signature="setupBrowser()[pri:0, instance:com.testng.GoogleTestTitle@5e3a8624]" name="setupBrowser" is-config="true" duration-ms="0" started-at="2020-04-18T14:10:43Z" finished-at="2020-04-18T14:10:43Z">
          <exception class="java.lang.IllegalStateException">
            <message>
              <![CDATA[The driver executable does not exist: C:\Selenium\geckodriver-v0.18.0-win32\geckodriver.exe]]>
            </message>
            <full-stacktrace>
              <![CDATA[java.lang.IllegalStateException: The driver executable does not exist: C:\Selenium\geckodriver-v0.18.0-win32\geckodriver.exe
	at com.google.common.base.Preconditions.checkState(Preconditions.java:518)
	at org.openqa.selenium.remote.service.DriverService.checkExecutable(DriverService.java:136)
	at org.openqa.selenium.remote.service.DriverService.findExecutable(DriverService.java:131)
	at org.openqa.selenium.firefox.GeckoDriverService.access$100(GeckoDriverService.java:41)
	at org.openqa.selenium.firefox.GeckoDriverService$Builder.findDefaultExecutable(GeckoDriverService.java:115)
	at org.openqa.selenium.remote.service.DriverService$Builder.build(DriverService.java:330)
	at org.openqa.selenium.firefox.FirefoxDriver.toExecutor(FirefoxDriver.java:207)
	at org.openqa.selenium.firefox.FirefoxDriver.<init>(FirefoxDriver.java:108)
	at org.openqa.selenium.firefox.FirefoxDriver.<init>(FirefoxDriver.java:137)
	at com.testng.GoogleTestTitle.setupBrowser(GoogleTestTitle.java:21)
	at sun.reflect.NativeMethodAccessorImpl.invoke0(Native Method)
	at sun.reflect.NativeMethodAccessorImpl.invoke(NativeMethodAccessorImpl.java:62)
	at sun.reflect.DelegatingMethodAccessorImpl.invoke(DelegatingMethodAccessorImpl.java:43)
	at java.lang.reflect.Method.invoke(Method.java:498)
	at org.testng.internal.MethodInvocationHelper.invokeMethod(MethodInvocationHelper.java:100)
	at org.testng.internal.Invoker.invokeConfigurationMethod(Invoker.java:515)
	at org.testng.internal.Invoker.invokeConfigurations(Invoker.java:216)
	at org.testng.internal.Invoker.invokeMethod(Invoker.java:590)
	at org.testng.internal.Invoker.invokeTestMethod(Invoker.java:811)
	at org.testng.internal.Invoker.invokeTestMethods(Invoker.java:1137)
	at org.testng.internal.TestMethodWorker.invokeTestMethods(TestMethodWorker.java:129)
	at org.testng.internal.TestMethodWorker.run(TestMethodWorker.java:112)
	at org.testng.TestRunner.privateRun(TestRunner.java:753)
	at org.testng.TestRunner.run(TestRunner.java:607)
	at org.testng.SuiteRunner.runTest(SuiteRunner.java:368)
	at org.testng.SuiteRunner.runSequentially(SuiteRunner.java:363)
	at org.testng.SuiteRunner.privateRun(SuiteRunner.java:321)
	at org.testng.SuiteRunner.run(SuiteRunner.java:270)
	at org.testng.SuiteRunnerWorker.runSuite(SuiteRunnerWorker.java:52)
	at org.testng.SuiteRunnerWorker.run(SuiteRunnerWorker.java:86)
	at org.testng.TestNG.runSuitesSequentially(TestNG.java:1284)
	at org.testng.TestNG.runSuitesLocally(TestNG.java:1209)
	at org.testng.TestNG.runSuites(TestNG.java:1124)
	at org.testng.TestNG.run(TestNG.java:1096)
	at org.testng.remote.AbstractRemoteTestNG.run(AbstractRemoteTestNG.java:132)
	at org.testng.remote.RemoteTestNG.initAndRun(RemoteTestNG.java:236)
	at org.testng.remote.RemoteTestNG.main(RemoteTestNG.java:81)
]]>
            </full-stacktrace>
          </exception> <!-- java.lang.IllegalStateException -->
          <reporter-output>
          </reporter-output>
        </test-method> <!-- setupBrowser -->
        <test-method status="SKIP" signature="googleTitleTest()[pri:0, instance:com.testng.GoogleTestTitle@5e3a8624]" name="googleTitleTest" duration-ms="2" started-at="2020-04-18T14:10:43Z" finished-at="2020-04-18T14:10:43Z">
          <reporter-output>
          </reporter-output>
        </test-method> <!-- googleTitleTest -->
        <test-method status="SKIP" signature="closeBrowser()[pri:0, instance:com.testng.GoogleTestTitle@5e3a8624]" name="closeBrowser" is-config="true" duration-ms="0" started-at="2020-04-18T14:10:43Z" finished-at="2020-04-18T14:10:43Z">
          <reporter-output>
          </reporter-output>
        </test-method> <!-- closeBrowser -->
      </class> <!-- com.testng.GoogleTestTitle -->
      <class name="com.testng.GoogleTest">
        <test-method status="FAIL" signature="setup()[pri:0, instance:com.testng.GoogleTest@1bce4f0a]" name="setup" is-config="true" duration-ms="0" started-at="2020-04-18T14:10:43Z" finished-at="2020-04-18T14:10:43Z">
          <exception class="java.lang.IllegalStateException">
            <message>
              <![CDATA[The driver executable does not exist: C:\Selenium\geckodriver-v0.18.0-win32\geckodriver.exe]]>
            </message>
            <full-stacktrace>
              <![CDATA[java.lang.IllegalStateException: The driver executable does not exist: C:\Selenium\geckodriver-v0.18.0-win32\geckodriver.exe
	at com.google.common.base.Preconditions.checkState(Preconditions.java:518)
	at org.openqa.selenium.remote.service.DriverService.checkExecutable(DriverService.java:136)
	at org.openqa.selenium.remote.service.DriverService.findExecutable(DriverService.java:131)
	at org.openqa.selenium.firefox.GeckoDriverService.access$100(GeckoDriverService.java:41)
	at org.openqa.selenium.firefox.GeckoDriverService$Builder.findDefaultExecutable(GeckoDriverService.java:115)
	at org.openqa.selenium.remote.service.DriverService$Builder.build(DriverService.java:330)
	at org.openqa.selenium.firefox.FirefoxDriver.toExecutor(FirefoxDriver.java:207)
	at org.openqa.selenium.firefox.FirefoxDriver.<init>(FirefoxDriver.java:108)
	at org.openqa.selenium.firefox.FirefoxDriver.<init>(FirefoxDriver.java:137)
	at com.testng.GoogleTest.setup(GoogleTest.java:25)
	at sun.reflect.NativeMethodAccessorImpl.invoke0(Native Method)
	at sun.reflect.NativeMethodAccessorImpl.invoke(NativeMethodAccessorImpl.java:62)
	at sun.reflect.DelegatingMethodAccessorImpl.invoke(DelegatingMethodAccessorImpl.java:43)
	at java.lang.reflect.Method.invoke(Method.java:498)
	at org.testng.internal.MethodInvocationHelper.invokeMethod(MethodInvocationHelper.java:100)
	at org.testng.internal.Invoker.invokeConfigurationMethod(Invoker.java:515)
	at org.testng.internal.Invoker.invokeConfigurations(Invoker.java:216)
	at org.testng.internal.Invoker.invokeMethod(Invoker.java:590)
	at org.testng.internal.Invoker.invokeTestMethod(Invoker.java:811)
	at org.testng.internal.Invoker.invokeTestMethods(Invoker.java:1137)
	at org.testng.internal.TestMethodWorker.invokeTestMethods(TestMethodWorker.java:129)
	at org.testng.internal.TestMethodWorker.run(TestMethodWorker.java:112)
	at org.testng.TestRunner.privateRun(TestRunner.java:753)
	at org.testng.TestRunner.run(TestRunner.java:607)
	at org.testng.SuiteRunner.runTest(SuiteRunner.java:368)
	at org.testng.SuiteRunner.runSequentially(SuiteRunner.java:363)
	at org.testng.SuiteRunner.privateRun(SuiteRunner.java:321)
	at org.testng.SuiteRunner.run(SuiteRunner.java:270)
	at org.testng.SuiteRunnerWorker.runSuite(SuiteRunnerWorker.java:52)
	at org.testng.SuiteRunnerWorker.run(SuiteRunnerWorker.java:86)
	at org.testng.TestNG.runSuitesSequentially(TestNG.java:1284)
	at org.testng.TestNG.runSuitesLocally(TestNG.java:1209)
	at org.testng.TestNG.runSuites(TestNG.java:1124)
	at org.testng.TestNG.run(TestNG.java:1096)
	at org.testng.remote.AbstractRemoteTestNG.run(AbstractRemoteTestNG.java:132)
	at org.testng.remote.RemoteTestNG.initAndRun(RemoteTestNG.java:236)
	at org.testng.remote.RemoteTestNG.main(RemoteTestNG.java:81)
]]>
            </full-stacktrace>
          </exception> <!-- java.lang.IllegalStateException -->
          <reporter-output>
          </reporter-output>
        </test-method> <!-- setup -->
        <test-method status="SKIP" signature="googleTitleTest()[pri:1, instance:com.testng.GoogleTest@1bce4f0a]" name="googleTitleTest" duration-ms="0" started-at="2020-04-18T14:10:43Z" finished-at="2020-04-18T14:10:43Z">
          <reporter-output>
          </reporter-output>
        </test-method> <!-- googleTitleTest -->
        <test-method status="SKIP" signature="tearDown()[pri:0, instance:com.testng.GoogleTest@1bce4f0a]" name="tearDown" is-config="true" duration-ms="0" started-at="2020-04-18T14:10:43Z" finished-at="2020-04-18T14:10:43Z">
          <reporter-output>
          </reporter-output>
        </test-method> <!-- tearDown -->
        <test-method status="SKIP" signature="setup()[pri:0, instance:com.testng.GoogleTest@1bce4f0a]" name="setup" is-config="true" duration-ms="0" started-at="2020-04-18T14:10:43Z" finished-at="2020-04-18T14:10:43Z">
          <reporter-output>
          </reporter-output>
        </test-method> <!-- setup -->
        <test-method status="SKIP" signature="googleLogoTest()[pri:2, instance:com.testng.GoogleTest@1bce4f0a]" name="googleLogoTest" duration-ms="1" started-at="2020-04-18T14:10:43Z" finished-at="2020-04-18T14:10:43Z">
          <reporter-output>
          </reporter-output>
        </test-method> <!-- googleLogoTest -->
        <test-method status="SKIP" signature="tearDown()[pri:0, instance:com.testng.GoogleTest@1bce4f0a]" name="tearDown" is-config="true" duration-ms="0" started-at="2020-04-18T14:10:43Z" finished-at="2020-04-18T14:10:43Z">
          <reporter-output>
          </reporter-output>
        </test-method> <!-- tearDown -->
        <test-method status="SKIP" signature="setup()[pri:0, instance:com.testng.GoogleTest@1bce4f0a]" name="setup" is-config="true" duration-ms="0" started-at="2020-04-18T14:10:43Z" finished-at="2020-04-18T14:10:43Z">
          <reporter-output>
          </reporter-output>
        </test-method> <!-- setup -->
        <test-method status="SKIP" signature="mailLinkTest()[pri:3, instance:com.testng.GoogleTest@1bce4f0a]" name="mailLinkTest" duration-ms="1" started-at="2020-04-18T14:10:43Z" finished-at="2020-04-18T14:10:43Z">
          <reporter-output>
          </reporter-output>
        </test-method> <!-- mailLinkTest -->
        <test-method status="SKIP" signature="tearDown()[pri:0, instance:com.testng.GoogleTest@1bce4f0a]" name="tearDown" is-config="true" duration-ms="0" started-at="2020-04-18T14:10:43Z" finished-at="2020-04-18T14:10:43Z">
          <reporter-output>
          </reporter-output>
        </test-method> <!-- tearDown -->
        <test-method status="SKIP" signature="setup()[pri:0, instance:com.testng.GoogleTest@1bce4f0a]" name="setup" is-config="true" duration-ms="0" started-at="2020-04-18T14:10:43Z" finished-at="2020-04-18T14:10:43Z">
          <reporter-output>
          </reporter-output>
        </test-method> <!-- setup -->
        <test-method status="SKIP" signature="Test1()[pri:4, instance:com.testng.GoogleTest@1bce4f0a]" name="Test1" duration-ms="0" started-at="2020-04-18T14:10:43Z" finished-at="2020-04-18T14:10:43Z">
          <reporter-output>
          </reporter-output>
        </test-method> <!-- Test1 -->
        <test-method status="SKIP" signature="tearDown()[pri:0, instance:com.testng.GoogleTest@1bce4f0a]" name="tearDown" is-config="true" duration-ms="0" started-at="2020-04-18T14:10:43Z" finished-at="2020-04-18T14:10:43Z">
          <reporter-output>
          </reporter-output>
        </test-method> <!-- tearDown -->
        <test-method status="SKIP" signature="setup()[pri:0, instance:com.testng.GoogleTest@1bce4f0a]" name="setup" is-config="true" duration-ms="0" started-at="2020-04-18T14:10:43Z" finished-at="2020-04-18T14:10:43Z">
          <reporter-output>
          </reporter-output>
        </test-method> <!-- setup -->
        <test-method status="SKIP" signature="Test2()[pri:5, instance:com.testng.GoogleTest@1bce4f0a]" name="Test2" duration-ms="2" started-at="2020-04-18T14:10:43Z" finished-at="2020-04-18T14:10:43Z">
          <reporter-output>
          </reporter-output>
        </test-method> <!-- Test2 -->
        <test-method status="SKIP" signature="tearDown()[pri:0, instance:com.testng.GoogleTest@1bce4f0a]" name="tearDown" is-config="true" duration-ms="0" started-at="2020-04-18T14:10:43Z" finished-at="2020-04-18T14:10:43Z">
          <reporter-output>
          </reporter-output>
        </test-method> <!-- tearDown -->
        <test-method status="SKIP" signature="setup()[pri:0, instance:com.testng.GoogleTest@1bce4f0a]" name="setup" is-config="true" duration-ms="0" started-at="2020-04-18T14:10:43Z" finished-at="2020-04-18T14:10:43Z">
          <reporter-output>
          </reporter-output>
        </test-method> <!-- setup -->
        <test-method status="SKIP" signature="Test3()[pri:6, instance:com.testng.GoogleTest@1bce4f0a]" name="Test3" duration-ms="1" started-at="2020-04-18T14:10:43Z" finished-at="2020-04-18T14:10:43Z">
          <reporter-output>
          </reporter-output>
        </test-method> <!-- Test3 -->
        <test-method status="SKIP" signature="tearDown()[pri:0, instance:com.testng.GoogleTest@1bce4f0a]" name="tearDown" is-config="true" duration-ms="0" started-at="2020-04-18T14:10:43Z" finished-at="2020-04-18T14:10:43Z">
          <reporter-output>
          </reporter-output>
        </test-method> <!-- tearDown -->
      </class> <!-- com.testng.GoogleTest -->
      <class name="com.testng.TestngBasics">
        <test-method status="PASS" signature="setup()[pri:0, instance:com.testng.TestngBasics@42d80b78]" name="setup" is-config="true" duration-ms="11" started-at="2020-04-18T14:10:43Z" finished-at="2020-04-18T14:10:43Z">
          <reporter-output>
          </reporter-output>
        </test-method> <!-- setup -->
        <test-method status="PASS" signature="login()[pri:0, instance:com.testng.TestngBasics@42d80b78]" name="login" is-config="true" duration-ms="0" started-at="2020-04-18T14:10:43Z" finished-at="2020-04-18T14:10:43Z">
          <reporter-output>
          </reporter-output>
        </test-method> <!-- login -->
        <test-method status="PASS" signature="launchBrowser()[pri:0, instance:com.testng.TestngBasics@42d80b78]" name="launchBrowser" is-config="true" duration-ms="1" started-at="2020-04-18T14:10:43Z" finished-at="2020-04-18T14:10:43Z">
          <reporter-output>
          </reporter-output>
        </test-method> <!-- launchBrowser -->
        <test-method status="PASS" signature="enterURL()[pri:0, instance:com.testng.TestngBasics@42d80b78]" name="enterURL" is-config="true" duration-ms="0" started-at="2020-04-18T14:10:43Z" finished-at="2020-04-18T14:10:43Z">
          <reporter-output>
          </reporter-output>
        </test-method> <!-- enterURL -->
        <test-method status="PASS" signature="googleTitleTest()[pri:0, instance:com.testng.TestngBasics@42d80b78]" name="googleTitleTest" duration-ms="2" started-at="2020-04-18T14:10:43Z" finished-at="2020-04-18T14:10:43Z">
          <reporter-output>
          </reporter-output>
        </test-method> <!-- googleTitleTest -->
        <test-method status="PASS" signature="enterURL()[pri:0, instance:com.testng.TestngBasics@42d80b78]" name="enterURL" is-config="true" duration-ms="1" started-at="2020-04-18T14:10:43Z" finished-at="2020-04-18T14:10:43Z">
          <reporter-output>
          </reporter-output>
        </test-method> <!-- enterURL -->
        <test-method status="PASS" signature="logout()[pri:0, instance:com.testng.TestngBasics@42d80b78]" name="logout" is-config="true" duration-ms="0" started-at="2020-04-18T14:10:43Z" finished-at="2020-04-18T14:10:43Z">
          <reporter-output>
          </reporter-output>
        </test-method> <!-- logout -->
        <test-method status="PASS" signature="searchTest()[pri:0, instance:com.testng.TestngBasics@42d80b78]" name="searchTest" duration-ms="1" started-at="2020-04-18T14:10:43Z" finished-at="2020-04-18T14:10:43Z">
          <reporter-output>
          </reporter-output>
        </test-method> <!-- searchTest -->
        <test-method status="PASS" signature="logout()[pri:0, instance:com.testng.TestngBasics@42d80b78]" name="logout" is-config="true" duration-ms="1" started-at="2020-04-18T14:10:43Z" finished-at="2020-04-18T14:10:43Z">
          <reporter-output>
          </reporter-output>
        </test-method> <!-- logout -->
        <test-method status="PASS" signature="closeBrowser()[pri:0, instance:com.testng.TestngBasics@42d80b78]" name="closeBrowser" is-config="true" duration-ms="0" started-at="2020-04-18T14:10:43Z" finished-at="2020-04-18T14:10:43Z">
          <reporter-output>
          </reporter-output>
        </test-method> <!-- closeBrowser -->
        <test-method status="PASS" signature="deletAllCookies()[pri:0, instance:com.testng.TestngBasics@42d80b78]" name="deletAllCookies" is-config="true" duration-ms="0" started-at="2020-04-18T14:10:43Z" finished-at="2020-04-18T14:10:43Z">
          <reporter-output>
          </reporter-output>
        </test-method> <!-- deletAllCookies -->
        <test-method status="PASS" signature="generateTestReport()[pri:0, instance:com.testng.TestngBasics@42d80b78]" name="generateTestReport" is-config="true" duration-ms="0" started-at="2020-04-18T14:10:43Z" finished-at="2020-04-18T14:10:43Z">
          <reporter-output>
          </reporter-output>
        </test-method> <!-- generateTestReport -->
      </class> <!-- com.testng.TestngBasics -->
      <class name="com.testng.InvocationCountTest">
        <test-method status="PASS" signature="sum()[pri:0, instance:com.testng.InvocationCountTest@5c3bd550]" name="sum" duration-ms="2" started-at="2020-04-18T14:10:43Z" finished-at="2020-04-18T14:10:43Z">
          <reporter-output>
          </reporter-output>
        </test-method> <!-- sum -->
        <test-method status="PASS" signature="sum()[pri:0, instance:com.testng.InvocationCountTest@5c3bd550]" name="sum" duration-ms="2" started-at="2020-04-18T14:10:43Z" finished-at="2020-04-18T14:10:43Z">
          <reporter-output>
          </reporter-output>
        </test-method> <!-- sum -->
        <test-method status="PASS" signature="sum()[pri:0, instance:com.testng.InvocationCountTest@5c3bd550]" name="sum" duration-ms="1" started-at="2020-04-18T14:10:43Z" finished-at="2020-04-18T14:10:43Z">
          <reporter-output>
          </reporter-output>
        </test-method> <!-- sum -->
        <test-method status="PASS" signature="sum()[pri:0, instance:com.testng.InvocationCountTest@5c3bd550]" name="sum" duration-ms="1" started-at="2020-04-18T14:10:43Z" finished-at="2020-04-18T14:10:43Z">
          <reporter-output>
          </reporter-output>
        </test-method> <!-- sum -->
        <test-method status="PASS" signature="sum()[pri:0, instance:com.testng.InvocationCountTest@5c3bd550]" name="sum" duration-ms="1" started-at="2020-04-18T14:10:43Z" finished-at="2020-04-18T14:10:43Z">
          <reporter-output>
          </reporter-output>
        </test-method> <!-- sum -->
        <test-method status="PASS" signature="sum()[pri:0, instance:com.testng.InvocationCountTest@5c3bd550]" name="sum" duration-ms="1" started-at="2020-04-18T14:10:43Z" finished-at="2020-04-18T14:10:43Z">
          <reporter-output>
          </reporter-output>
        </test-method> <!-- sum -->
        <test-method status="PASS" signature="sum()[pri:0, instance:com.testng.InvocationCountTest@5c3bd550]" name="sum" duration-ms="1" started-at="2020-04-18T14:10:43Z" finished-at="2020-04-18T14:10:43Z">
          <reporter-output>
          </reporter-output>
        </test-method> <!-- sum -->
        <test-method status="PASS" signature="sum()[pri:0, instance:com.testng.InvocationCountTest@5c3bd550]" name="sum" duration-ms="2" started-at="2020-04-18T14:10:43Z" finished-at="2020-04-18T14:10:43Z">
          <reporter-output>
          </reporter-output>
        </test-method> <!-- sum -->
        <test-method status="PASS" signature="sum()[pri:0, instance:com.testng.InvocationCountTest@5c3bd550]" name="sum" duration-ms="1" started-at="2020-04-18T14:10:43Z" finished-at="2020-04-18T14:10:43Z">
          <reporter-output>
          </reporter-output>
        </test-method> <!-- sum -->
        <test-method status="PASS" signature="sum()[pri:0, instance:com.testng.InvocationCountTest@5c3bd550]" name="sum" duration-ms="1" started-at="2020-04-18T14:10:43Z" finished-at="2020-04-18T14:10:43Z">
          <reporter-output>
          </reporter-output>
        </test-method> <!-- sum -->
      </class> <!-- com.testng.InvocationCountTest -->
      <class name="com.testng.TestNGFeatures">
        <test-method status="PASS" signature="loginTest()[pri:0, instance:com.testng.TestNGFeatures@91161c7]" name="loginTest" duration-ms="1" started-at="2020-04-18T14:10:43Z" finished-at="2020-04-18T14:10:43Z">
          <reporter-output>
          </reporter-output>
        </test-method> <!-- loginTest -->
        <test-method status="PASS" signature="HomePageTest()[pri:0, instance:com.testng.TestNGFeatures@91161c7]" name="HomePageTest" duration-ms="1" started-at="2020-04-18T14:10:43Z" depends-on-methods="com.testng.TestNGFeatures.loginTest" finished-at="2020-04-18T14:10:43Z">
          <reporter-output>
          </reporter-output>
        </test-method> <!-- HomePageTest -->
        <test-method status="PASS" signature="RegPageTest()[pri:0, instance:com.testng.TestNGFeatures@91161c7]" name="RegPageTest" duration-ms="1" started-at="2020-04-18T14:10:43Z" depends-on-methods="com.testng.TestNGFeatures.loginTest" finished-at="2020-04-18T14:10:43Z">
          <reporter-output>
          </reporter-output>
        </test-method> <!-- RegPageTest -->
        <test-method status="PASS" signature="SearchPageTest()[pri:0, instance:com.testng.TestNGFeatures@91161c7]" name="SearchPageTest" duration-ms="1" started-at="2020-04-18T14:10:43Z" depends-on-methods="com.testng.TestNGFeatures.loginTest" finished-at="2020-04-18T14:10:43Z">
          <reporter-output>
          </reporter-output>
        </test-method> <!-- SearchPageTest -->
      </class> <!-- com.testng.TestNGFeatures -->
    </test> <!-- Different testng Feature Test -->
  </suite> <!-- TestNG Session Test Automation Suite -->
</testng-results>
